
> my-v0-project@0.1.0 dev
> next dev -p 5000

   ▲ Next.js 15.2.4
   - Local:        http://localhost:5000
   - Network:      http://192.168.0.155:5000

 ✓ Starting...
 ✓ Ready in 2s
 ○ Compiling / ...
 ✓ Compiled / in 1532ms (729 modules)
 GET / 200 in 100ms

> my-v0-project@0.1.0 dev
> next dev -p 5000

   ▲ Next.js 15.2.4
   - Local:        http://localhost:5000
   - Network:      http://192.168.0.155:5000

 ✓ Starting...
 ✓ Ready in 2.1s
 ○ Compiling / ...
 ✓ Compiled / in 1663ms (729 modules)
 GET / 200 in 2143ms
